# JRE version: OpenJDK Runtime Environment (11.0.12+7) (build 11.0.12+7-b1504.28-7817840)
# Java VM: OpenJDK 64-Bit Server VM (11.0.12+7-b1504.28-7817840, mixed mode, tiered, compressed oops, g1 gc, windows-amd64)
Heap:
 garbage-first heap   total 408576K, used 173521K [0x0000000080000000, 0x0000000100000000)
  region size 1024K, 35 young (35840K), 10 survivors (10240K)
 Metaspace       used 117768K, capacity 120630K, committed 120908K, reserved 1155072K
  class space    used 14794K, capacity 15890K, committed 16000K, reserved 1048576K
GC Heap History (20 events):
Event: 74.065 GC heap before
{Heap before GC invocations=50 (full 0):
 garbage-first heap   total 319488K, used 259116K [0x0000000080000000, 0x0000000100000000)
  region size 1024K, 121 young (123904K), 3 survivors (3072K)
 Metaspace       used 117406K, capacity 120223K, committed 120396K, reserved 1153024K
  class space    used 14779K, capacity 15880K, committed 16000K, reserved 1048576K
}
Event: 74.084 GC heap after
{Heap after GC invocations=51 (full 0):
 garbage-first heap   total 319488K, used 139692K [0x0000000080000000, 0x0000000100000000)
  region size 1024K, 4 young (4096K), 4 survivors (4096K)
 Metaspace       used 117406K, capacity 120223K, committed 120396K, reserved 1153024K
  class space    used 14779K, capacity 15880K, committed 16000K, reserved 1048576K
}
Event: 74.859 GC heap before
{Heap before GC invocations=51 (full 0):
 garbage-first heap   total 319488K, used 260524K [0x0000000080000000, 0x0000000100000000)
  region size 1024K, 123 young (125952K), 4 survivors (4096K)
 Metaspace       used 117435K, capacity 120292K, committed 120652K, reserved 1155072K
  class space    used 14785K, capacity 15881K, committed 16000K, reserved 1048576K
}
Event: 74.879 GC heap after
{Heap after GC invocations=52 (full 0):
 garbage-first heap   total 319488K, used 140219K [0x0000000080000000, 0x0000000100000000)
  region size 1024K, 5 young (5120K), 5 survivors (5120K)
 Metaspace       used 117435K, capacity 120292K, committed 120652K, reserved 1155072K
  class space    used 14785K, capacity 15881K, committed 16000K, reserved 1048576K
}
Event: 75.744 GC heap before
{Heap before GC invocations=52 (full 0):
 garbage-first heap   total 319488K, used 263099K [0x0000000080000000, 0x0000000100000000)
  region size 1024K, 125 young (128000K), 5 survivors (5120K)
 Metaspace       used 117526K, capacity 120371K, committed 120652K, reserved 1155072K
  class space    used 14785K, capacity 15881K, committed 16000K, reserved 1048576K
}
Event: 75.766 GC heap after
{Heap after GC invocations=53 (full 0):
 garbage-first heap   total 319488K, used 139448K [0x0000000080000000, 0x0000000100000000)
  region size 1024K, 4 young (4096K), 4 survivors (4096K)
 Metaspace       used 117526K, capacity 120371K, committed 120652K, reserved 1155072K
  class space    used 14785K, capacity 15881K, committed 16000K, reserved 1048576K
}
Event: 76.643 GC heap before
{Heap before GC invocations=53 (full 0):
 garbage-first heap   total 319488K, used 269496K [0x0000000080000000, 0x0000000100000000)
  region size 1024K, 131 young (134144K), 4 survivors (4096K)
 Metaspace       used 117583K, capacity 120386K, committed 120652K, reserved 1155072K
  class space    used 14786K, capacity 15882K, committed 16000K, reserved 1048576K
}
Event: 76.675 GC heap after
{Heap after GC invocations=54 (full 0):
 garbage-first heap   total 319488K, used 140420K [0x0000000080000000, 0x0000000100000000)
  region size 1024K, 5 young (5120K), 5 survivors (5120K)
 Metaspace       used 117583K, capacity 120386K, committed 120652K, reserved 1155072K
  class space    used 14786K, capacity 15882K, committed 16000K, reserved 1048576K
}
Event: 77.548 GC heap before
{Heap before GC invocations=54 (full 0):
 garbage-first heap   total 319488K, used 269444K [0x0000000080000000, 0x0000000100000000)
  region size 1024K, 132 young (135168K), 5 survivors (5120K)
 Metaspace       used 117657K, capacity 120536K, committed 120652K, reserved 1155072K
  class space    used 14787K, capacity 15884K, committed 16000K, reserved 1048576K
}
Event: 77.576 GC heap after
{Heap after GC invocations=55 (full 0):
 garbage-first heap   total 319488K, used 140503K [0x0000000080000000, 0x0000000100000000)
  region size 1024K, 5 young (5120K), 5 survivors (5120K)
 Metaspace       used 117657K, capacity 120536K, committed 120652K, reserved 1155072K
  class space    used 14787K, capacity 15884K, committed 16000K, reserved 1048576K
}
Event: 78.883 GC heap before
{Heap before GC invocations=55 (full 0):
 garbage-first heap   total 319488K, used 272599K [0x0000000080000000, 0x0000000100000000)
  region size 1024K, 134 young (137216K), 5 survivors (5120K)
 Metaspace       used 117689K, capacity 120548K, committed 120908K, reserved 1155072K
  class space    used 14789K, capacity 15886K, committed 16000K, reserved 1048576K
}
Event: 78.923 GC heap after
{Heap after GC invocations=56 (full 0):
 garbage-first heap   total 319488K, used 141589K [0x0000000080000000, 0x0000000100000000)
  region size 1024K, 6 young (6144K), 6 survivors (6144K)
 Metaspace       used 117689K, capacity 120548K, committed 120908K, reserved 1155072K
  class space    used 14789K, capacity 15886K, committed 16000K, reserved 1048576K
}
Event: 79.909 GC heap before
{Heap before GC invocations=56 (full 0):
 garbage-first heap   total 319488K, used 273685K [0x0000000080000000, 0x0000000100000000)
  region size 1024K, 135 young (138240K), 6 survivors (6144K)
 Metaspace       used 117750K, capacity 120630K, committed 120908K, reserved 1155072K
  class space    used 14794K, capacity 15890K, committed 16000K, reserved 1048576K
}
Event: 79.965 GC heap after
{Heap after GC invocations=57 (full 0):
 garbage-first heap   total 319488K, used 147118K [0x0000000080000000, 0x0000000100000000)
  region size 1024K, 12 young (12288K), 12 survivors (12288K)
 Metaspace       used 117750K, capacity 120630K, committed 120908K, reserved 1155072K
  class space    used 14794K, capacity 15890K, committed 16000K, reserved 1048576K
}
Event: 80.612 GC heap before
{Heap before GC invocations=57 (full 0):
 garbage-first heap   total 319488K, used 273070K [0x0000000080000000, 0x0000000100000000)
  region size 1024K, 135 young (138240K), 12 survivors (12288K)
 Metaspace       used 117751K, capacity 120630K, committed 120908K, reserved 1155072K
  class space    used 14794K, capacity 15890K, committed 16000K, reserved 1048576K
}
Event: 80.673 GC heap after
{Heap after GC invocations=58 (full 0):
 garbage-first heap   total 319488K, used 148020K [0x0000000080000000, 0x0000000100000000)
  region size 1024K, 10 young (10240K), 10 survivors (10240K)
 Metaspace       used 117751K, capacity 120630K, committed 120908K, reserved 1155072K
  class space    used 14794K, capacity 15890K, committed 16000K, reserved 1048576K
}
Event: 81.406 GC heap before
{Heap before GC invocations=58 (full 0):
 garbage-first heap   total 319488K, used 273972K [0x0000000080000000, 0x0000000100000000)
  region size 1024K, 133 young (136192K), 10 survivors (10240K)
 Metaspace       used 117758K, capacity 120630K, committed 120908K, reserved 1155072K
  class space    used 14794K, capacity 15890K, committed 16000K, reserved 1048576K
}
Event: 81.446 GC heap after
{Heap after GC invocations=59 (full 0):
 garbage-first heap   total 408576K, used 148072K [0x0000000080000000, 0x0000000100000000)
  region size 1024K, 9 young (9216K), 9 survivors (9216K)
 Metaspace       used 117758K, capacity 120630K, committed 120908K, reserved 1155072K
  class space    used 14794K, capacity 15890K, committed 16000K, reserved 1048576K
}
Event: 83.102 GC heap before
{Heap before GC invocations=59 (full 0):
 garbage-first heap   total 408576K, used 330344K [0x0000000080000000, 0x0000000100000000)
  region size 1024K, 187 young (191488K), 9 survivors (9216K)
 Metaspace       used 117767K, capacity 120630K, committed 120908K, reserved 1155072K
  class space    used 14794K, capacity 15890K, committed 16000K, reserved 1048576K
}
Event: 83.139 GC heap after
{Heap after GC invocations=60 (full 0):
 garbage-first heap   total 408576K, used 148945K [0x0000000080000000, 0x0000000100000000)
  region size 1024K, 10 young (10240K), 10 survivors (10240K)
 Metaspace       used 117767K, capacity 120630K, committed 120908K, reserved 1155072K
  class space    used 14794K, capacity 15890K, committed 16000K, reserved 1048576K
}

