# JRE version: OpenJDK Runtime Environment (11.0.12+7) (build 11.0.12+7-b1504.28-7817840)
# Java VM: OpenJDK 64-Bit Server VM (11.0.12+7-b1504.28-7817840, mixed mode, tiered, compressed oops, g1 gc, windows-amd64)
Heap:
 garbage-first heap   total 543744K, used 209280K [0x0000000080000000, 0x0000000100000000)
  region size 1024K, 9 young (9216K), 9 survivors (9216K)
 Metaspace       used 104900K, capacity 107604K, committed 107692K, reserved 1142784K
  class space    used 13508K, capacity 14555K, committed 14592K, reserved 1048576K
GC Heap History (20 events):
Event: 115.211 GC heap after
{Heap after GC invocations=89 (full 0):
 garbage-first heap   total 335872K, used 159560K [0x0000000080000000, 0x0000000100000000)
  region size 1024K, 5 young (5120K), 5 survivors (5120K)
 Metaspace       used 102136K, capacity 104845K, committed 104876K, reserved 1140736K
  class space    used 13239K, capacity 14319K, committed 14336K, reserved 1048576K
}
Event: 116.230 GC heap before
{Heap before GC invocations=89 (full 0):
 garbage-first heap   total 335872K, used 280392K [0x0000000080000000, 0x0000000100000000)
  region size 1024K, 123 young (125952K), 5 survivors (5120K)
 Metaspace       used 102150K, capacity 104845K, committed 104876K, reserved 1140736K
  class space    used 13240K, capacity 14319K, committed 14336K, reserved 1048576K
}
Event: 116.255 GC heap after
{Heap after GC invocations=90 (full 0):
 garbage-first heap   total 335872K, used 159335K [0x0000000080000000, 0x0000000100000000)
  region size 1024K, 5 young (5120K), 5 survivors (5120K)
 Metaspace       used 102150K, capacity 104845K, committed 104876K, reserved 1140736K
  class space    used 13240K, capacity 14319K, committed 14336K, reserved 1048576K
}
Event: 117.963 GC heap before
{Heap before GC invocations=90 (full 0):
 garbage-first heap   total 335872K, used 281191K [0x0000000080000000, 0x0000000100000000)
  region size 1024K, 124 young (126976K), 5 survivors (5120K)
 Metaspace       used 102154K, capacity 104845K, committed 104876K, reserved 1140736K
  class space    used 13240K, capacity 14319K, committed 14336K, reserved 1048576K
}
Event: 117.988 GC heap after
{Heap after GC invocations=91 (full 0):
 garbage-first heap   total 335872K, used 158482K [0x0000000080000000, 0x0000000100000000)
  region size 1024K, 4 young (4096K), 4 survivors (4096K)
 Metaspace       used 102154K, capacity 104845K, committed 104876K, reserved 1140736K
  class space    used 13240K, capacity 14319K, committed 14336K, reserved 1048576K
}
Event: 119.994 GC heap before
{Heap before GC invocations=91 (full 0):
 garbage-first heap   total 335872K, used 288530K [0x0000000080000000, 0x0000000100000000)
  region size 1024K, 131 young (134144K), 4 survivors (4096K)
 Metaspace       used 102162K, capacity 104845K, committed 104876K, reserved 1140736K
  class space    used 13241K, capacity 14319K, committed 14336K, reserved 1048576K
}
Event: 120.020 GC heap after
{Heap after GC invocations=92 (full 0):
 garbage-first heap   total 335872K, used 158895K [0x0000000080000000, 0x0000000100000000)
  region size 1024K, 5 young (5120K), 5 survivors (5120K)
 Metaspace       used 102162K, capacity 104845K, committed 104876K, reserved 1140736K
  class space    used 13241K, capacity 14319K, committed 14336K, reserved 1048576K
}
Event: 122.212 GC heap before
{Heap before GC invocations=92 (full 0):
 garbage-first heap   total 335872K, used 290991K [0x0000000080000000, 0x0000000100000000)
  region size 1024K, 132 young (135168K), 5 survivors (5120K)
 Metaspace       used 102176K, capacity 104913K, committed 105132K, reserved 1140736K
  class space    used 13241K, capacity 14319K, committed 14336K, reserved 1048576K
}
Event: 122.258 GC heap after
{Heap after GC invocations=93 (full 0):
 garbage-first heap   total 335872K, used 163840K [0x0000000080000000, 0x0000000100000000)
  region size 1024K, 7 young (7168K), 7 survivors (7168K)
 Metaspace       used 102176K, capacity 104913K, committed 105132K, reserved 1140736K
  class space    used 13241K, capacity 14319K, committed 14336K, reserved 1048576K
}
Event: 123.883 GC heap before
{Heap before GC invocations=93 (full 0):
 garbage-first heap   total 335872K, used 289791K [0x0000000080000000, 0x0000000100000000)
  region size 1024K, 131 young (134144K), 7 survivors (7168K)
 Metaspace       used 102196K, capacity 104921K, committed 105132K, reserved 1140736K
  class space    used 13242K, capacity 14320K, committed 14336K, reserved 1048576K
}
Event: 123.927 GC heap after
{Heap after GC invocations=94 (full 0):
 garbage-first heap   total 335872K, used 162816K [0x0000000080000000, 0x0000000100000000)
  region size 1024K, 8 young (8192K), 8 survivors (8192K)
 Metaspace       used 102196K, capacity 104921K, committed 105132K, reserved 1140736K
  class space    used 13242K, capacity 14320K, committed 14336K, reserved 1048576K
}
Event: 125.234 GC heap before
{Heap before GC invocations=94 (full 0):
 garbage-first heap   total 335872K, used 287744K [0x0000000080000000, 0x0000000100000000)
  region size 1024K, 131 young (134144K), 8 survivors (8192K)
 Metaspace       used 102206K, capacity 104927K, committed 105132K, reserved 1140736K
  class space    used 13242K, capacity 14321K, committed 14336K, reserved 1048576K
}
Event: 125.270 GC heap after
{Heap after GC invocations=95 (full 0):
 garbage-first heap   total 335872K, used 161484K [0x0000000080000000, 0x0000000100000000)
  region size 1024K, 7 young (7168K), 7 survivors (7168K)
 Metaspace       used 102206K, capacity 104927K, committed 105132K, reserved 1140736K
  class space    used 13242K, capacity 14321K, committed 14336K, reserved 1048576K
}
Event: 126.236 GC heap before
{Heap before GC invocations=95 (full 0):
 garbage-first heap   total 335872K, used 287436K [0x0000000080000000, 0x0000000100000000)
  region size 1024K, 131 young (134144K), 7 survivors (7168K)
 Metaspace       used 102208K, capacity 104927K, committed 105132K, reserved 1140736K
  class space    used 13242K, capacity 14321K, committed 14336K, reserved 1048576K
}
Event: 126.273 GC heap after
{Heap after GC invocations=96 (full 0):
 garbage-first heap   total 335872K, used 161407K [0x0000000080000000, 0x0000000100000000)
  region size 1024K, 7 young (7168K), 7 survivors (7168K)
 Metaspace       used 102208K, capacity 104927K, committed 105132K, reserved 1140736K
  class space    used 13242K, capacity 14321K, committed 14336K, reserved 1048576K
}
Event: 129.512 GC heap before
{Heap before GC invocations=96 (full 0):
 garbage-first heap   total 335872K, used 301695K [0x0000000080000000, 0x0000000100000000)
  region size 1024K, 132 young (135168K), 7 survivors (7168K)
 Metaspace       used 104381K, capacity 107088K, committed 107180K, reserved 1142784K
  class space    used 13451K, capacity 14511K, committed 14592K, reserved 1048576K
}
Event: 129.636 GC heap after
{Heap after GC invocations=97 (full 0):
 garbage-first heap   total 336896K, used 196165K [0x0000000080000000, 0x0000000100000000)
  region size 1024K, 17 young (17408K), 17 survivors (17408K)
 Metaspace       used 104381K, capacity 107088K, committed 107180K, reserved 1142784K
  class space    used 13451K, capacity 14511K, committed 14592K, reserved 1048576K
}
Event: 132.862 GC heap before
{Heap before GC invocations=97 (full 0):
 garbage-first heap   total 336896K, used 270917K [0x0000000080000000, 0x0000000100000000)
  region size 1024K, 89 young (91136K), 17 survivors (17408K)
 Metaspace       used 104755K, capacity 107476K, committed 107692K, reserved 1142784K
  class space    used 13498K, capacity 14555K, committed 14592K, reserved 1048576K
}
Event: 133.178 GC heap after
{Heap after GC invocations=98 (full 0):
 garbage-first heap   total 336896K, used 213456K [0x0000000080000000, 0x0000000100000000)
  region size 1024K, 12 young (12288K), 12 survivors (12288K)
 Metaspace       used 104755K, capacity 107476K, committed 107692K, reserved 1142784K
  class space    used 13498K, capacity 14555K, committed 14592K, reserved 1048576K
}
Event: 134.971 GC heap before
{Heap before GC invocations=99 (full 0):
 garbage-first heap   total 336896K, used 257488K [0x0000000080000000, 0x0000000100000000)
  region size 1024K, 70 young (71680K), 12 survivors (12288K)
 Metaspace       used 104900K, capacity 107604K, committed 107692K, reserved 1142784K
  class space    used 13508K, capacity 14555K, committed 14592K, reserved 1048576K
}

